Arguments: 
  C:\Program Files\nodejs\node.exe C:\Users\cristhian\AppData\Roaming\npm\node_modules\yarn\bin\yarn.js add date-fns

PATH: 
  C:\Program Files\Common Files\Oracle\Java\javapath;C:\Program Files (x86)\Common Files\Oracle\Java\javapath;C:\Program Files (x86)\Common Files\Intel\Shared Libraries\redist\intel64\compiler;C:\Windows\system32;C:\Windows;C:\Windows\System32\Wbem;C:\Windows\System32\WindowsPowerShell\v1.0\;C:\Windows\System32\OpenSSH\;C:\Program Files\NVIDIA Corporation\NVIDIA NvDLISR;C:\Program Files (x86)\NVIDIA Corporation\PhysX\Common;C:\Program Files\Git\cmd;C:\Program Files\MariaDB 10.5\bin;C:\Program Files\Java\jdk-11.0.11\bin;C:\Program Files\dotnet\;C:\Program Files\PuTTY\;C:\Program Files\Docker\Docker\resources\bin;C:\ProgramData\DockerDesktop\version-bin;C:\Program Files\nodejs\;C:\Users\cristhian\AppData\Local\Programs\Python\Python38-32\Scripts\;C:\Users\cristhian\AppData\Local\Programs\Python\Python38-32\;C:\Users\cristhian\AppData\Local\Microsoft\WindowsApps;C:\Users\cristhian\AppData\Local\Programs\Microsoft VS Code\bin;C:\Users\cristhian\.dotnet\tools;C:\src\flutter\bin;C:\Users\cristhian\AppData\Local\gitkraken\bin;C:\Users\cristhian\AppData\Roaming\npm;C:\Users\cristhian\AppData\Local\Google\Cloud SDK\google-cloud-sdk\bin

Yarn version: 
  1.22.17

Node version: 
  16.13.0

Platform: 
  win32 x64

Trace: 
  Error: EPERM: operation not permitted, copyfile 'C:\Users\cristhian\AppData\Local\Yarn\Cache\v6\npm-react-native-0.63.2-1dae4e81714085100888571012f18b6b142b4773\node_modules\react-native\Libraries\LogBox\UI\LogBoxImages\loader.png' -> 'C:\projetos\ifpr\3mobile\gerenciador-plantas-app\node_modules\react-native\Libraries\LogBox\UI\LogBoxImages\loader.png'

npm manifest: 
  {
    "main": "node_modules/expo/AppEntry.js",
    "scripts": {
      "start": "expo start",
      "android": "expo start --android",
      "ios": "expo start --ios",
      "web": "expo start --web",
      "eject": "expo eject"
    },
    "dependencies": {
      "@expo-google-fonts/inter": "^0.2.0",
      "@expo-google-fonts/jost": "^0.2.0",
      "@expo/vector-icons": "^12.0.0",
      "@react-native-community/masked-view": "0.1.10",
      "@react-navigation/native": "^5.9.8",
      "@react-navigation/native-stack": "^6.2.2",
      "@react-navigation/stack": "^5.14.9",
      "axios": "^0.22.0",
      "expo": "~42.0.1",
      "expo-app-loading": "^1.1.2",
      "expo-font": "~9.2.1",
      "expo-status-bar": "~1.0.4",
      "react": "16.13.1",
      "react-dom": "16.13.1",
      "react-native": "https://github.com/expo/react-native/archive/sdk-42.0.0.tar.gz",
      "react-native-gesture-handler": "~1.10.2",
      "react-native-iphone-x-helper": "^1.3.1",
      "react-native-reanimated": "~2.2.0",
      "react-native-safe-area-context": "3.2.0",
      "react-native-screens": "~3.4.0",
      "react-native-web": "^0.17.5",
      "react-native-svg": "12.1.1",
      "lottie-react-native": "4.0.2",
      "@react-native-async-storage/async-storage": "~1.15.0",
      "@react-native-community/datetimepicker": "3.5.2"
    },
    "devDependencies": {
      "@babel/core": "^7.9.0",
      "@types/react": "~16.9.35",
      "@types/react-native": "~0.63.2",
      "typescript": "~4.0.0"
    },
    "private": true
  }

yarn manifest: 
  No manifest

Lockfile: 
  No lockfile
